[33mcommit c75bf6a6672e94224b188de8e5aeea7e884fa643[m[33m ([m[1;36mHEAD -> [m[1;32mmain[m[33m, [m[1;31morigin/main[m[33m)[m
Author: dingyi <dingyi222666@foxmail.com>
Date:   Wed Sep 29 18:08:12 2021 +0800

    completed serialize/unserialize

[33mcommit c7e702542a8b3d665ec8379c884a871f8f659221[m
Author: dingyi <dingyi222666@foxmail.com>
Date:   Wed Sep 29 15:49:10 2021 +0800

    code performance optimization

[33mcommit 6183f2eaf8b08820f5d367d7cd165293833a1ed5[m
Author: dingyi <dingyi222666@foxmail.com>
Date:   Wed Sep 29 14:49:52 2021 +0800

    null

[33mcommit 5c8080584c7ab926fface16f230a634b9d06031f[m
Author: dingyi <dingyi222666@foxmail.com>
Date:   Wed Sep 29 14:48:48 2021 +0800

    update .gitignore

[33mcommit e5a204b23e7e7de89fd6bb65e0c0fd866afad39c[m
Author: dingyi <dingyi222666@foxmail.com>
Date:   Wed Sep 29 14:47:03 2021 +0800

    fix binary to lr bug

[33mcommit c6279c35ab928e4ce24a2e64a47e39ed58b92a0a[m
Author: dingyi <dingyi222666@foxmail.com>
Date:   Wed Sep 29 14:44:18 2021 +0800

    add base binary to lr table(bug)

[33mcommit 8defafe8511c8148f1b5ce85eb442e3ff32bdd74[m
Author: dingyi <dingyi222666@foxmail.com>
Date:   Wed Sep 29 12:15:45 2021 +0800

    fix bug

[33mcommit db66aa628ee994a5198ef66554222099f2ef7fb1[m
Author: dingyi <dingyi222666@foxmail.com>
Date:   Wed Sep 29 00:02:56 2021 +0800

    add binary check header

[33mcommit d21d4ad06cbbd5b029bb1b87170590fed1e4a79f[m
Author: dingyi <dingyi222666@foxmail.com>
Date:   Tue Sep 28 21:39:43 2021 +0800

    let main.lua support lua53

[33mcommit c4786f43e855dca8f4947eca399c541061a1625c[m
Merge: 861a0e4 63cd9a1
Author: dingyi <dingyi222666@foxmail.com>
Date:   Tue Sep 28 21:21:38 2021 +0800

    merge

[33mcommit 63cd9a1c4110bdf9975808d1759e0df3715a2ecf[m
Author: dingyi222666 <48376989+dingyi222666@users.noreply.github.com>
Date:   Tue Sep 28 20:51:54 2021 +0800

    Initial commit

[33mcommit 861a0e42966e86d94d61ba30109e2508e3c663f2[m[33m ([m[1;32mhelp[m[33m)[m
Author: dingyi <dingyi222666@foxmail.com>
Date:   Tue Sep 28 20:47:32 2021 +0800

    init commit
